[2025-07-29 17:50:53.085] ℹ️ =========================================
[2025-07-29 17:50:53.092] ℹ️ 同步目录：/home/runner/work/openwrt-custom-builder/openwrt-custom-builder
[2025-07-29 17:50:53.098] ℹ️ 结果文件：/home/runner/work/openwrt-custom-builder/openwrt-custom-builder/device-drivers.json
[2025-07-29 17:50:53.105] ℹ️ 开始设备与芯片同步
[2025-07-29 17:50:53.112] ℹ️ =========================================
[2025-07-29 17:50:53.118] ℹ️ 检查同步依赖工具...
[2025-07-29 17:50:53.135] ℹ️ 初始化结果文件...
[2025-07-29 17:50:53.145] ℹ️ 克隆源码到：/tmp/openwrt-src-zgBK40
[2025-07-29 17:50:53.152] ℹ️ 尝试克隆：https://git.openwrt.org/openwrt/openwrt.git（剩余重试：5）
Cloning into '/tmp/openwrt-src-zgBK40'...
[2025-07-29 17:50:56.178] ℹ️ 提取设备信息（同步核心步骤）...
[2025-07-29 17:51:01.311] ℹ️ 发现有效dts文件：1812 个，开始解析...
[2025-07-29 17:51:02.539] ℹ️ 进度：50/1812（失败：0）
[2025-07-29 17:51:03.775] ℹ️ 进度：100/1812（失败：0）
[2025-07-29 17:51:05.013] ℹ️ 进度：150/1812（失败：0）
[2025-07-29 17:51:06.264] ℹ️ 进度：200/1812（失败：0）
[2025-07-29 17:51:07.082] ℹ️ 进度：250/1812（失败：0）
[2025-07-29 17:51:07.777] ℹ️ 进度：300/1812（失败：0）
[2025-07-29 17:51:08.251] ❌ 提取model失败：/tmp/openwrt-src-zgBK40/target/linux/mediatek/dts/mt7981b-glinet-gl-mt2500-v2.dts
[2025-07-29 17:51:09.062] ℹ️ 进度：350/1812（失败：0）
[2025-07-29 17:51:09.948] ❌ 提取model失败：/tmp/openwrt-src-zgBK40/target/linux/mediatek/dts/mt7981b-glinet-gl-mt2500-v1.dts
[2025-07-29 17:51:10.376] ℹ️ 进度：400/1812（失败：0）
[2025-07-29 17:51:11.191] ❌ 提取model失败：/tmp/openwrt-src-zgBK40/target/linux/mediatek/files-6.12/arch/arm64/boot/dts/mediatek/mt7986a-rfb-spim-nand.dts
[2025-07-29 17:51:11.222] ❌ 提取model失败：/tmp/openwrt-src-zgBK40/target/linux/mediatek/files-6.12/arch/arm64/boot/dts/mediatek/mt7986a-rfb-spim-nor.dts
[2025-07-29 17:51:11.705] ℹ️ 进度：450/1812（失败：0）
[2025-07-29 17:51:13.033] ℹ️ 进度：500/1812（失败：0）
[2025-07-29 17:51:14.373] ℹ️ 进度：550/1812（失败：0）
[2025-07-29 17:51:15.734] ℹ️ 进度：600/1812（失败：0）
[2025-07-29 17:51:17.111] ℹ️ 进度：650/1812（失败：0）
[2025-07-29 17:51:18.487] ℹ️ 进度：700/1812（失败：0）
[2025-07-29 17:51:19.885] ℹ️ 进度：750/1812（失败：0）
[2025-07-29 17:51:21.290] ℹ️ 进度：800/1812（失败：0）
[2025-07-29 17:51:22.719] ℹ️ 进度：850/1812（失败：0）
[2025-07-29 17:51:24.152] ℹ️ 进度：900/1812（失败：0）
[2025-07-29 17:51:25.611] ℹ️ 进度：950/1812（失败：0）
[2025-07-29 17:51:27.095] ℹ️ 进度：1000/1812（失败：0）
[2025-07-29 17:51:28.573] ℹ️ 进度：1050/1812（失败：0）
[2025-07-29 17:51:30.074] ℹ️ 进度：1100/1812（失败：0）
[2025-07-29 17:51:31.593] ℹ️ 进度：1150/1812（失败：0）
[2025-07-29 17:51:33.118] ℹ️ 进度：1200/1812（失败：0）
[2025-07-29 17:51:34.641] ℹ️ 进度：1250/1812（失败：0）
[2025-07-29 17:51:36.190] ℹ️ 进度：1300/1812（失败：0）
[2025-07-29 17:51:37.756] ℹ️ 进度：1350/1812（失败：0）
[2025-07-29 17:51:39.334] ℹ️ 进度：1400/1812（失败：0）
[2025-07-29 17:51:40.934] ℹ️ 进度：1450/1812（失败：0）
[2025-07-29 17:51:42.540] ℹ️ 进度：1500/1812（失败：0）
[2025-07-29 17:51:44.161] ℹ️ 进度：1550/1812（失败：0）
[2025-07-29 17:51:45.797] ℹ️ 进度：1600/1812（失败：0）
[2025-07-29 17:51:47.456] ℹ️ 进度：1650/1812（失败：0）
[2025-07-29 17:51:49.117] ℹ️ 进度：1700/1812（失败：0）
[2025-07-29 17:51:50.801] ℹ️ 进度：1750/1812（失败：0）
[2025-07-29 17:51:52.485] ℹ️ 进度：1800/1812（失败：0）
[2025-07-29 17:51:52.886] ℹ️ 合并设备数据...
[2025-07-29 17:51:52.909] ℹ️ 同步芯片信息...
[2025-07-29 17:51:52.926] ℹ️ 发现芯片：14 种，开始同步...
[2025-07-29 17:51:52.992] ❌ 提取平台失败：ath79
[2025-07-29 17:51:53.150] ❌ 提取平台失败：qcom
[2025-07-29 17:51:53.176] ❌ 提取平台失败：ramips
[2025-07-29 17:51:53.229] ℹ️ 合并芯片数据...
[2025-07-29 17:51:53.254] ℹ️ 验证结果完整性...
[2025-07-29 17:51:53.279] ℹ️ 同步统计：设备 1714 个，芯片 14 个
[2025-07-29 17:51:53.287] ℹ️ =========================================
[2025-07-29 17:51:53.309] ℹ️ =========================================
[2025-07-29 17:51:53.625] ℹ️ 🧹 清理临时目录: /tmp/openwrt-src-zgBK40
