[2025-07-29 15:26:22.380] ℹ️ =========================================
[2025-07-29 15:26:22.386] ℹ️ 同步目录：/home/runner/work/openwrt-custom-builder/openwrt-custom-builder
[2025-07-29 15:26:22.393] ℹ️ 结果文件：/home/runner/work/openwrt-custom-builder/openwrt-custom-builder/device-drivers.json
[2025-07-29 15:26:22.399] ℹ️ 开始设备与芯片同步
[2025-07-29 15:26:22.406] ℹ️ =========================================
[2025-07-29 15:26:22.413] ℹ️ 检查同步依赖工具...
[2025-07-29 15:26:22.428] ℹ️ 初始化结果文件...
[2025-07-29 15:26:22.439] ℹ️ 克隆源码到：/tmp/openwrt-src-cnwAcJ
[2025-07-29 15:26:22.445] ℹ️ 尝试克隆：https://git.openwrt.org/openwrt/openwrt.git（剩余重试：5）
[2025-07-29 15:26:26.295] ℹ️ 提取设备信息（同步核心步骤）...
[2025-07-29 15:26:31.408] ℹ️ 发现有效dts文件：1812 个，开始解析...
[2025-07-29 15:26:32.633] ℹ️ 进度：50/1812（失败：0）
[2025-07-29 15:26:33.864] ℹ️ 进度：100/1812（失败：0）
[2025-07-29 15:26:35.091] ℹ️ 进度：150/1812（失败：0）
[2025-07-29 15:26:36.350] ℹ️ 进度：200/1812（失败：0）
[2025-07-29 15:26:37.166] ℹ️ 进度：250/1812（失败：0）
[2025-07-29 15:26:37.868] ℹ️ 进度：300/1812（失败：0）
[2025-07-29 15:26:38.351] ❌ 提取model失败：/tmp/openwrt-src-cnwAcJ/target/linux/mediatek/dts/mt7981b-glinet-gl-mt2500-v2.dts
[2025-07-29 15:26:39.163] ℹ️ 进度：350/1812（失败：0）
[2025-07-29 15:26:40.045] ❌ 提取model失败：/tmp/openwrt-src-cnwAcJ/target/linux/mediatek/dts/mt7981b-glinet-gl-mt2500-v1.dts
[2025-07-29 15:26:40.472] ℹ️ 进度：400/1812（失败：0）
[2025-07-29 15:26:41.284] ❌ 提取model失败：/tmp/openwrt-src-cnwAcJ/target/linux/mediatek/files-6.12/arch/arm64/boot/dts/mediatek/mt7986a-rfb-spim-nand.dts
[2025-07-29 15:26:41.316] ❌ 提取model失败：/tmp/openwrt-src-cnwAcJ/target/linux/mediatek/files-6.12/arch/arm64/boot/dts/mediatek/mt7986a-rfb-spim-nor.dts
[2025-07-29 15:26:41.795] ℹ️ 进度：450/1812（失败：0）
[2025-07-29 15:26:43.113] ℹ️ 进度：500/1812（失败：0）
[2025-07-29 15:26:44.450] ℹ️ 进度：550/1812（失败：0）
[2025-07-29 15:26:45.799] ℹ️ 进度：600/1812（失败：0）
[2025-07-29 15:26:47.186] ℹ️ 进度：650/1812（失败：0）
[2025-07-29 15:26:48.567] ℹ️ 进度：700/1812（失败：0）
[2025-07-29 15:26:49.980] ℹ️ 进度：750/1812（失败：0）
[2025-07-29 15:26:51.420] ℹ️ 进度：800/1812（失败：0）
[2025-07-29 15:26:52.888] ℹ️ 进度：850/1812（失败：0）
[2025-07-29 15:26:54.359] ℹ️ 进度：900/1812（失败：0）
[2025-07-29 15:26:55.849] ℹ️ 进度：950/1812（失败：0）
[2025-07-29 15:26:57.348] ℹ️ 进度：1000/1812（失败：0）
[2025-07-29 15:26:58.857] ℹ️ 进度：1050/1812（失败：0）
[2025-07-29 15:27:00.406] ℹ️ 进度：1100/1812（失败：0）
[2025-07-29 15:27:01.948] ℹ️ 进度：1150/1812（失败：0）
[2025-07-29 15:27:03.502] ℹ️ 进度：1200/1812（失败：0）
[2025-07-29 15:27:05.065] ℹ️ 进度：1250/1812（失败：0）
[2025-07-29 15:27:06.631] ℹ️ 进度：1300/1812（失败：0）
[2025-07-29 15:27:08.230] ℹ️ 进度：1350/1812（失败：0）
[2025-07-29 15:27:09.824] ℹ️ 进度：1400/1812（失败：0）
[2025-07-29 15:27:11.418] ℹ️ 进度：1450/1812（失败：0）
[2025-07-29 15:27:13.023] ℹ️ 进度：1500/1812（失败：0）
[2025-07-29 15:27:14.640] ℹ️ 进度：1550/1812（失败：0）
[2025-07-29 15:27:16.285] ℹ️ 进度：1600/1812（失败：0）
[2025-07-29 15:27:17.968] ℹ️ 进度：1650/1812（失败：0）
[2025-07-29 15:27:19.644] ℹ️ 进度：1700/1812（失败：0）
[2025-07-29 15:27:21.313] ℹ️ 进度：1750/1812（失败：0）
[2025-07-29 15:27:23.000] ℹ️ 进度：1800/1812（失败：0）
[2025-07-29 15:27:23.398] ℹ️ 合并设备数据...
[2025-07-29 15:27:23.421] ℹ️ 同步芯片信息...
[2025-07-29 15:27:23.437] ℹ️ 发现芯片：14 种，开始同步...
[2025-07-29 15:27:23.502] ❌ 提取平台失败：ath79
[2025-07-29 15:27:23.660] ❌ 提取平台失败：qcom
[2025-07-29 15:27:23.687] ❌ 提取平台失败：ramips
[2025-07-29 15:27:23.741] ℹ️ 合并芯片数据...
[2025-07-29 15:27:23.766] ℹ️ 验证结果完整性...
[2025-07-29 15:27:23.790] ℹ️ 同步统计：设备 1714 个，芯片 14 个
[2025-07-29 15:27:23.798] ℹ️ =========================================
[2025-07-29 15:27:23.820] ℹ️ =========================================
[2025-07-29 15:27:24.133] ℹ️ 🧹 清理临时目录: /tmp/openwrt-src-cnwAcJ
